\BOOKMARK [1][-]{section.1}{Introducci\363n}{}% 1
\BOOKMARK [1][-]{section.2}{Desarrollo}{}% 2
\BOOKMARK [2][-]{subsection.2.1}{Capturando tr\341fico}{section.2}% 3
\BOOKMARK [2][-]{subsection.2.2}{Gr\341ficos y an\341lisis}{section.2}% 4
\BOOKMARK [1][-]{section.3}{Resultados}{}% 5
\BOOKMARK [2][-]{subsection.3.1}{Red Alto Palermo}{section.3}% 6
\BOOKMARK [3][-]{subsubsection.3.1.1}{Descripci\363n y topolog\355a de la red}{subsection.3.1}% 7
\BOOKMARK [3][-]{subsubsection.3.1.2}{Topolog\355a de la red}{subsection.3.1}% 8
\BOOKMARK [3][-]{subsubsection.3.1.3}{Fuente: Sdst}{subsection.3.1}% 9
\BOOKMARK [3][-]{subsubsection.3.1.4}{Fuente: Ssrc}{subsection.3.1}% 10
\BOOKMARK [3][-]{subsubsection.3.1.5}{Discusi\363n}{subsection.3.1}% 11
\BOOKMARK [2][-]{subsection.3.2}{Red Honeywell}{section.3}% 12
\BOOKMARK [3][-]{subsubsection.3.2.1}{Descripci\363n y topolog\355a de la red}{subsection.3.2}% 13
\BOOKMARK [3][-]{subsubsection.3.2.2}{Topolog\355a de la red}{subsection.3.2}% 14
\BOOKMARK [3][-]{subsubsection.3.2.3}{Fuente: Sdst}{subsection.3.2}% 15
\BOOKMARK [3][-]{subsubsection.3.2.4}{Fuente: Ssrc}{subsection.3.2}% 16
\BOOKMARK [2][-]{subsection.3.3}{Red Laboratorios DC}{section.3}% 17
\BOOKMARK [3][-]{subsubsection.3.3.1}{Descripci\363n y topolog\355a de la red}{subsection.3.3}% 18
\BOOKMARK [3][-]{subsubsection.3.3.2}{Fuente: Sdst}{subsection.3.3}% 19
\BOOKMARK [3][-]{subsubsection.3.3.3}{Fuente: Ssrc}{subsection.3.3}% 20
\BOOKMARK [3][-]{subsubsection.3.3.4}{Discusi\363n}{subsection.3.3}% 21
\BOOKMARK [2][-]{subsection.3.4}{Red hogare\361a}{section.3}% 22
\BOOKMARK [3][-]{subsubsection.3.4.1}{Descripci\363n}{subsection.3.4}% 23
\BOOKMARK [3][-]{subsubsection.3.4.2}{Topolog\355a de la red}{subsection.3.4}% 24
\BOOKMARK [3][-]{subsubsection.3.4.3}{Fuente: Sdst}{subsection.3.4}% 25
\BOOKMARK [3][-]{subsubsection.3.4.4}{Fuente: Ssrc}{subsection.3.4}% 26
\BOOKMARK [3][-]{subsubsection.3.4.5}{Discusi\363n}{subsection.3.4}% 27
\BOOKMARK [1][-]{section.4}{Discusi\363n general}{}% 28
\BOOKMARK [1][-]{section.5}{Conclusi\363n}{}% 29
